<?xml version="1.0" encoding="UTF-8"?>
<!-- Generated by org.testng.reporters.JUnitXMLReporter -->
<testsuite ignored="0" hostname="LAPTOP-NPNMP9LL" failures="1" tests="6" name="Surefire test" time="51.291" errors="0" timestamp="2026-01-27T17:26:52 IST">
  <testcase classname="tests.AddToCartTests" name="addToCart" time="1.199"/>
  <testcase classname="tests.CartPageTest" name="testCart" time="1.135"/>
  <testcase classname="tests.LoginTest" name="testLogin" time="5.732"/>
  <testcase classname="tests.LoginTest" name="testLogin" time="5.775"/>
  <testcase classname="tests.LoginTest" name="testLogin" time="10.928"/>
  <testcase classname="tests.LoginTest" name="testLogin" time="5.921">
    <failure type="java.lang.AssertionError" message="inValid login failed expected [true] but found [false]">
      <![CDATA[java.lang.AssertionError: inValid login failed expected [true] but found [false]
at tests.LoginTest.testLogin(LoginTest.java:36)
at java.base/java.util.ArrayList.forEach(ArrayList.java:1541)
... Removed 35 stack frames]]>
    </failure>
  </testcase> <!-- testLogin -->
</testsuite> <!-- Surefire test -->
