<?xml version="1.0" encoding="UTF-8"?>
<!-- Generated by org.testng.reporters.JUnitXMLReporter -->
<testsuite ignored="1" hostname="LAPTOP-NPNMP9LL" failures="0" tests="4" name="Smoke Tests" time="42.999" errors="0" timestamp="2026-01-27T17:53:23 IST">
  <testcase classname="tests.CartPageTest" name="testCart" time="1.577"/>
  <testcase classname="tests.LoginTest" name="testLogin" time="5.835"/>
  <testcase classname="tests.LoginTest" name="testLogin" time="5.668"/>
  <testcase classname="tests.LoginTest" name="testLogin" time="10.822"/>
  <testcase classname="tests.AddToCartTests" name="addToCart" time="0.0">
    <ignored/>
  </testcase> <!-- addToCart -->
</testsuite> <!-- Smoke Tests -->
