<?xml version="1.0" encoding="UTF-8"?>
<!-- Generated by org.testng.reporters.JUnitXMLReporter -->
<testsuite ignored="3" hostname="LAPTOP-NPNMP9LL" failures="1" tests="1" name="Test" time="0.203" errors="0" timestamp="2026-01-25T17:55:27 IST">
  <testcase classname="tests.SortFilter" name="TestFilter" time="0.074">
    <failure type="java.lang.NullPointerException" message="Cannot invoke &amp;quot;org.openqa.selenium.WebDriver.findElement(org.openqa.selenium.By)&amp;quot; because &amp;quot;this.driver&amp;quot; is null">
      <![CDATA[java.lang.NullPointerException: Cannot invoke "org.openqa.selenium.WebDriver.findElement(org.openqa.selenium.By)" because "this.driver" is null
at pagesPOM.LoginPage.validLogin(LoginPage.java:19)
at tests.SortFilter.TestFilter(SortFilter.java:24)
at java.base/java.util.ArrayList.forEach(ArrayList.java:1511)
... Removed 27 stack frames]]>
    </failure>
  </testcase> <!-- TestFilter -->
  <testcase classname="tests.CartPageTest" name="testCart" time="0.0">
    <ignored/>
  </testcase> <!-- testCart -->
  <testcase classname="tests.LoginTest" name="testLogin" time="0.0">
    <ignored/>
  </testcase> <!-- testLogin -->
  <testcase classname="tests.AddToCartTests" name="addToCart" time="0.0">
    <ignored/>
  </testcase> <!-- addToCart -->
</testsuite> <!-- Test -->
