<?xml version="1.0" encoding="UTF-8"?>
<testng-results ignored="0" total="6" passed="5" failed="1" skipped="0">
  <reporter-output>
  </reporter-output>
  <suite started-at="2026-01-27T17:26:01 IST" name="Surefire suite" finished-at="2026-01-27T17:26:52 IST" duration-ms="51291">
    <groups>
      <group name="regression">
        <method signature="CartPageTest.testCart()[pri:0, instance:tests.CartPageTest@5a5338df]" name="testCart" class="tests.CartPageTest"/>
      </group> <!-- regression -->
      <group name="smoke">
        <method signature="LoginTest.testLogin(java.lang.String,java.lang.String,boolean)[pri:0, instance:tests.LoginTest@418c5a9c]" name="testLogin" class="tests.LoginTest"/>
      </group> <!-- smoke -->
      <group name="sanity">
        <method signature="AddToCartTests.addToCart()[pri:1, instance:tests.AddToCartTests@6ee4d9ab]" name="addToCart" class="tests.AddToCartTests"/>
      </group> <!-- sanity -->
    </groups>
    <test started-at="2026-01-27T17:26:01 IST" name="Surefire test" finished-at="2026-01-27T17:26:52 IST" duration-ms="51291">
      <class name="tests.LoginTest">
        <test-method is-config="true" signature="driverSetUp()[pri:0, instance:tests.LoginTest@418c5a9c]" started-at="2026-01-27T17:26:10 IST" name="driverSetUp" finished-at="2026-01-27T17:26:13 IST" duration-ms="2752" status="PASS">
          <reporter-output>
          </reporter-output>
        </test-method> <!-- driverSetUp -->
        <test-method signature="testLogin(java.lang.String,java.lang.String,boolean)[pri:0, instance:tests.LoginTest@418c5a9c]" started-at="2026-01-27T17:26:13 IST" name="testLogin" data-provider="loginData" finished-at="2026-01-27T17:26:19 IST" duration-ms="5732" status="PASS">
          <params>
            <param index="0">
              <value>
                <![CDATA[standard_user]]>
              </value>
            </param>
            <param index="1">
              <value>
                <![CDATA[secret_sauce]]>
              </value>
            </param>
            <param index="2">
              <value>
                <![CDATA[true]]>
              </value>
            </param>
          </params>
          <reporter-output>
          </reporter-output>
        </test-method> <!-- testLogin -->
        <test-method is-config="true" signature="tearDown()[pri:0, instance:tests.LoginTest@418c5a9c]" started-at="2026-01-27T17:26:19 IST" name="tearDown" finished-at="2026-01-27T17:26:19 IST" duration-ms="372" status="PASS">
          <reporter-output>
          </reporter-output>
        </test-method> <!-- tearDown -->
        <test-method is-config="true" signature="driverSetUp()[pri:0, instance:tests.LoginTest@418c5a9c]" started-at="2026-01-27T17:26:19 IST" name="driverSetUp" finished-at="2026-01-27T17:26:22 IST" duration-ms="3465" status="PASS">
          <reporter-output>
          </reporter-output>
        </test-method> <!-- driverSetUp -->
        <test-method signature="testLogin(java.lang.String,java.lang.String,boolean)[pri:0, instance:tests.LoginTest@418c5a9c]" started-at="2026-01-27T17:26:22 IST" name="testLogin" data-provider="loginData" finished-at="2026-01-27T17:26:28 IST" duration-ms="5775" status="PASS">
          <params>
            <param index="0">
              <value>
                <![CDATA[problem_user]]>
              </value>
            </param>
            <param index="1">
              <value>
                <![CDATA[secret_sauce]]>
              </value>
            </param>
            <param index="2">
              <value>
                <![CDATA[true]]>
              </value>
            </param>
          </params>
          <reporter-output>
          </reporter-output>
        </test-method> <!-- testLogin -->
        <test-method is-config="true" signature="tearDown()[pri:0, instance:tests.LoginTest@418c5a9c]" started-at="2026-01-27T17:26:28 IST" name="tearDown" finished-at="2026-01-27T17:26:28 IST" duration-ms="296" status="PASS">
          <reporter-output>
          </reporter-output>
        </test-method> <!-- tearDown -->
        <test-method is-config="true" signature="driverSetUp()[pri:0, instance:tests.LoginTest@418c5a9c]" started-at="2026-01-27T17:26:29 IST" name="driverSetUp" finished-at="2026-01-27T17:26:32 IST" duration-ms="3397" status="PASS">
          <reporter-output>
          </reporter-output>
        </test-method> <!-- driverSetUp -->
        <test-method signature="testLogin(java.lang.String,java.lang.String,boolean)[pri:0, instance:tests.LoginTest@418c5a9c]" started-at="2026-01-27T17:26:32 IST" name="testLogin" data-provider="loginData" finished-at="2026-01-27T17:26:43 IST" duration-ms="10928" status="PASS">
          <params>
            <param index="0">
              <value>
                <![CDATA[performance_glitch_user]]>
              </value>
            </param>
            <param index="1">
              <value>
                <![CDATA[secret_sauce]]>
              </value>
            </param>
            <param index="2">
              <value>
                <![CDATA[true]]>
              </value>
            </param>
          </params>
          <reporter-output>
          </reporter-output>
        </test-method> <!-- testLogin -->
        <test-method is-config="true" signature="tearDown()[pri:0, instance:tests.LoginTest@418c5a9c]" started-at="2026-01-27T17:26:43 IST" name="tearDown" finished-at="2026-01-27T17:26:44 IST" duration-ms="885" status="PASS">
          <reporter-output>
          </reporter-output>
        </test-method> <!-- tearDown -->
        <test-method is-config="true" signature="driverSetUp()[pri:0, instance:tests.LoginTest@418c5a9c]" started-at="2026-01-27T17:26:44 IST" name="driverSetUp" finished-at="2026-01-27T17:26:46 IST" duration-ms="2390" status="PASS">
          <reporter-output>
          </reporter-output>
        </test-method> <!-- driverSetUp -->
        <test-method signature="testLogin(java.lang.String,java.lang.String,boolean)[pri:0, instance:tests.LoginTest@418c5a9c]" started-at="2026-01-27T17:26:46 IST" name="testLogin" data-provider="loginData" finished-at="2026-01-27T17:26:52 IST" duration-ms="5921" status="FAIL">
          <params>
            <param index="0">
              <value>
                <![CDATA[failed_user]]>
              </value>
            </param>
            <param index="1">
              <value>
                <![CDATA[password]]>
              </value>
            </param>
            <param index="2">
              <value>
                <![CDATA[false]]>
              </value>
            </param>
          </params>
          <exception class="java.lang.AssertionError">
            <message>
              <![CDATA[inValid login failed expected [true] but found [false]]]>
            </message>
            <full-stacktrace>
              <![CDATA[java.lang.AssertionError: inValid login failed expected [true] but found [false]
at org.testng.Assert.fail(Assert.java:111)
at org.testng.Assert.failNotEquals(Assert.java:1578)
at org.testng.Assert.assertTrue(Assert.java:57)
at tests.LoginTest.testLogin(LoginTest.java:36)
at java.base/jdk.internal.reflect.NativeMethodAccessorImpl.invoke0(Native Method)
at java.base/jdk.internal.reflect.NativeMethodAccessorImpl.invoke(NativeMethodAccessorImpl.java:62)
at java.base/jdk.internal.reflect.DelegatingMethodAccessorImpl.invoke(DelegatingMethodAccessorImpl.java:43)
at java.base/java.lang.reflect.Method.invoke(Method.java:566)
at org.testng.internal.invokers.MethodInvocationHelper.invokeMethod(MethodInvocationHelper.java:139)
at org.testng.internal.invokers.TestInvoker.invokeMethod(TestInvoker.java:664)
at org.testng.internal.invokers.TestInvoker.invokeTestMethod(TestInvoker.java:227)
at org.testng.internal.invokers.MethodRunner.runInSequence(MethodRunner.java:50)
at org.testng.internal.invokers.TestInvoker$MethodInvocationAgent.invoke(TestInvoker.java:957)
at org.testng.internal.invokers.TestInvoker.invokeTestMethods(TestInvoker.java:200)
at org.testng.internal.invokers.TestMethodWorker.invokeTestMethods(TestMethodWorker.java:148)
at org.testng.internal.invokers.TestMethodWorker.run(TestMethodWorker.java:128)
at java.base/java.util.ArrayList.forEach(ArrayList.java:1541)
at org.testng.TestRunner.privateRun(TestRunner.java:848)
at org.testng.TestRunner.run(TestRunner.java:621)
at org.testng.SuiteRunner.runTest(SuiteRunner.java:443)
at org.testng.SuiteRunner.runSequentially(SuiteRunner.java:437)
at org.testng.SuiteRunner.privateRun(SuiteRunner.java:397)
at org.testng.SuiteRunner.run(SuiteRunner.java:336)
at org.testng.SuiteRunnerWorker.runSuite(SuiteRunnerWorker.java:52)
at org.testng.SuiteRunnerWorker.run(SuiteRunnerWorker.java:95)
at org.testng.TestNG.runSuitesSequentially(TestNG.java:1280)
at org.testng.TestNG.runSuitesLocally(TestNG.java:1200)
at org.testng.TestNG.runSuites(TestNG.java:1114)
at org.testng.TestNG.run(TestNG.java:1082)
at org.apache.maven.surefire.testng.TestNGExecutor.run(TestNGExecutor.java:155)
at org.apache.maven.surefire.testng.TestNGDirectoryTestSuite.executeMulti(TestNGDirectoryTestSuite.java:169)
at org.apache.maven.surefire.testng.TestNGDirectoryTestSuite.execute(TestNGDirectoryTestSuite.java:88)
at org.apache.maven.surefire.testng.TestNGProvider.invoke(TestNGProvider.java:137)
at org.apache.maven.surefire.booter.ForkedBooter.runSuitesInProcess(ForkedBooter.java:385)
at org.apache.maven.surefire.booter.ForkedBooter.execute(ForkedBooter.java:162)
at org.apache.maven.surefire.booter.ForkedBooter.run(ForkedBooter.java:507)
at org.apache.maven.surefire.booter.ForkedBooter.main(ForkedBooter.java:495)
]]>
            </full-stacktrace>
          </exception> <!-- java.lang.AssertionError -->
          <reporter-output>
          </reporter-output>
        </test-method> <!-- testLogin -->
        <test-method is-config="true" signature="tearDown()[pri:0, instance:tests.LoginTest@418c5a9c]" started-at="2026-01-27T17:26:52 IST" name="tearDown" finished-at="2026-01-27T17:26:52 IST" duration-ms="247" status="PASS">
          <reporter-output>
          </reporter-output>
        </test-method> <!-- tearDown -->
      </class> <!-- tests.LoginTest -->
      <class name="tests.CartPageTest">
        <test-method is-config="true" signature="driverSetUp()[pri:0, instance:tests.CartPageTest@5a5338df]" started-at="2026-01-27T17:26:05 IST" name="driverSetUp" finished-at="2026-01-27T17:26:09 IST" duration-ms="3267" status="PASS">
          <reporter-output>
          </reporter-output>
        </test-method> <!-- driverSetUp -->
        <test-method signature="testCart()[pri:0, instance:tests.CartPageTest@5a5338df]" started-at="2026-01-27T17:26:09 IST" name="testCart" finished-at="2026-01-27T17:26:10 IST" duration-ms="1135" status="PASS">
          <reporter-output>
          </reporter-output>
        </test-method> <!-- testCart -->
        <test-method is-config="true" signature="tearDown()[pri:0, instance:tests.CartPageTest@5a5338df]" started-at="2026-01-27T17:26:10 IST" name="tearDown" finished-at="2026-01-27T17:26:10 IST" duration-ms="334" status="PASS">
          <reporter-output>
          </reporter-output>
        </test-method> <!-- tearDown -->
      </class> <!-- tests.CartPageTest -->
      <class name="tests.AddToCartTests">
        <test-method is-config="true" signature="driverSetUp()[pri:0, instance:tests.AddToCartTests@6ee4d9ab]" started-at="2026-01-27T17:26:01 IST" name="driverSetUp" finished-at="2026-01-27T17:26:04 IST" duration-ms="2511" status="PASS">
          <reporter-output>
          </reporter-output>
        </test-method> <!-- driverSetUp -->
        <test-method signature="addToCart()[pri:1, instance:tests.AddToCartTests@6ee4d9ab]" started-at="2026-01-27T17:26:04 IST" name="addToCart" finished-at="2026-01-27T17:26:05 IST" duration-ms="1199" status="PASS">
          <reporter-output>
          </reporter-output>
        </test-method> <!-- addToCart -->
        <test-method is-config="true" signature="tearDown()[pri:0, instance:tests.AddToCartTests@6ee4d9ab]" started-at="2026-01-27T17:26:05 IST" name="tearDown" finished-at="2026-01-27T17:26:05 IST" duration-ms="327" status="PASS">
          <reporter-output>
          </reporter-output>
        </test-method> <!-- tearDown -->
      </class> <!-- tests.AddToCartTests -->
    </test> <!-- Surefire test -->
  </suite> <!-- Surefire suite -->
</testng-results>
