<?xml version="1.0" encoding="UTF-8"?>
<testng-results ignored="3" total="4" passed="1" failed="0" skipped="0">
  <reporter-output>
  </reporter-output>
  <suite started-at="2026-01-27T17:52:28 IST" name="Suite" finished-at="2026-01-27T17:52:31 IST" duration-ms="3265">
    <groups>
      <group name="sanity">
        <method signature="AddToCartTests.addToCart()[pri:1, instance:tests.AddToCartTests@3b35a229]" name="addToCart" class="tests.AddToCartTests"/>
      </group> <!-- sanity -->
    </groups>
    <test started-at="2026-01-27T17:52:28 IST" name="Smoke Tests" finished-at="2026-01-27T17:52:31 IST" duration-ms="3265">
      <class name="tests.AddToCartTests">
        <test-method is-config="true" signature="driverSetUp()[pri:0, instance:tests.AddToCartTests@3b35a229]" started-at="2026-01-27T17:52:28 IST" name="driverSetUp" finished-at="2026-01-27T17:52:30 IST" duration-ms="2186" status="PASS">
          <reporter-output>
          </reporter-output>
        </test-method> <!-- driverSetUp -->
        <test-method signature="addToCart()[pri:1, instance:tests.AddToCartTests@3b35a229]" started-at="2026-01-27T17:52:30 IST" name="addToCart" finished-at="2026-01-27T17:52:31 IST" duration-ms="873" status="PASS">
          <reporter-output>
          </reporter-output>
        </test-method> <!-- addToCart -->
      </class> <!-- tests.AddToCartTests -->
    </test> <!-- Smoke Tests -->
  </suite> <!-- Suite -->
</testng-results>
