{"id":"779c0e7bf213949ebd081efbb52f4401","name":"testLogin","start":1769354967393,"stop":1769354967394,"duration":1,"status":"broken","fullName":"tests.LoginTest.testLogin","historyId":"9c8f7dff259b3f945a0c96502f5a8afe.d041b63f7ae4d620ca562c4014615af9","flaky":false,"muted":false,"known":false,"hidden":false,"labels":[{"name":"package","value":"tests.LoginTest"},{"name":"testClass","value":"tests.LoginTest"},{"name":"testMethod","value":"testLogin"},{"name":"parentSuite","value":"Suite"},{"name":"suite","value":"Smoke Tests"},{"name":"subSuite","value":"tests.LoginTest"},{"name":"host","value":"LAPTOP-NPNMP9LL"},{"name":"thread","value":"21056@LAPTOP-NPNMP9LL.TestNG-test-Smoke Tests-1(16)"},{"name":"framework","value":"testng"},{"name":"language","value":"java"},{"name":"severity","value":"minor"}],"groupedLabels":{"package":["tests.LoginTest"],"testClass":["tests.LoginTest"],"testMethod":["testLogin"],"parentSuite":["Suite"],"suite":["Smoke Tests"],"subSuite":["tests.LoginTest"],"host":["LAPTOP-NPNMP9LL"],"thread":["21056@LAPTOP-NPNMP9LL.TestNG-test-Smoke Tests-1(16)"],"framework":["testng"],"language":["java"],"severity":["minor"]},"parameters":[{"name":"arg1","value":"password","hidden":false,"excluded":false,"masked":false},{"name":"arg0","value":"failed_user","hidden":false,"excluded":false,"masked":false}],"links":[],"steps":[],"error":{"message":"Input must be set","trace":"java.lang.IllegalArgumentException: Input must be set\r\n\tat org.openqa.selenium.internal.Require.nonNull(Require.java:60)\r\n\tat org.openqa.selenium.support.ui.FluentWait.<init>(FluentWait.java:92)\r\n\tat org.openqa.selenium.support.ui.WebDriverWait.<init>(WebDriverWait.java:74)\r\n\tat org.openqa.selenium.support.ui.WebDriverWait.<init>(WebDriverWait.java:43)\r\n\tat pagesPOM.LoginPage.<init>(LoginPage.java:22)\r\n\tat tests.LoginTest.testLogin(LoginTest.java:21)\r\n\tat java.base/jdk.internal.reflect.NativeMethodAccessorImpl.invoke0(Native Method)\r\n\tat java.base/jdk.internal.reflect.NativeMethodAccessorImpl.invoke(NativeMethodAccessorImpl.java:77)\r\n\tat java.base/jdk.internal.reflect.DelegatingMethodAccessorImpl.invoke(DelegatingMethodAccessorImpl.java:43)\r\n\tat java.base/java.lang.reflect.Method.invoke(Method.java:568)\r\n\tat org.testng.internal.invokers.MethodInvocationHelper.invokeMethod(MethodInvocationHelper.java:141)\r\n\tat org.testng.internal.invokers.TestInvoker.invokeMethod(TestInvoker.java:687)\r\n\tat org.testng.internal.invokers.TestInvoker.invokeTestMethod(TestInvoker.java:230)\r\n\tat org.testng.internal.invokers.MethodRunner.runInSequence(MethodRunner.java:63)\r\n\tat org.testng.internal.invokers.TestInvoker$MethodInvocationAgent.invoke(TestInvoker.java:995)\r\n\tat org.testng.internal.invokers.TestInvoker.invokeTestMethods(TestInvoker.java:203)\r\n\tat org.testng.internal.invokers.TestMethodWorker.invokeTestMethods(TestMethodWorker.java:154)\r\n\tat org.testng.internal.invokers.TestMethodWorker.run(TestMethodWorker.java:134)\r\n\tat java.base/java.util.concurrent.Executors$RunnableAdapter.call(Executors.java:539)\r\n\tat java.base/java.util.concurrent.FutureTask.run(FutureTask.java:264)\r\n\tat org.testng.internal.thread.graph.TestNGFutureTask.run(TestNGFutureTask.java:22)\r\n\tat java.base/java.util.concurrent.ThreadPoolExecutor.runWorker(ThreadPoolExecutor.java:1136)\r\n\tat java.base/java.util.concurrent.ThreadPoolExecutor$Worker.run(ThreadPoolExecutor.java:635)\r\n\tat java.base/java.lang.Thread.run(Thread.java:842)\r\n"},"testCase":{"id":"9c8f7dff259b3f945a0c96502f5a8afe","name":"testLogin","fullName":"tests.LoginTest.testLogin"},"environment":"default","setup":[{"id":"5bae46dd89ae74f0177a2be6ac6c35ed","type":"before","name":"driverSetUp","status":"passed","steps":[],"duration":4240}],"teardown":[],"history":[{"id":"779c0e7bf213949ebd081efbb52f4401","name":"testLogin","fullName":"tests.LoginTest.testLogin","environment":"default","status":"broken","message":"Input must be set","trace":"java.lang.IllegalArgumentException: Input must be set\r\n\tat org.openqa.selenium.internal.Require.nonNull(Require.java:60)\r\n\tat org.openqa.selenium.support.ui.FluentWait.<init>(FluentWait.java:92)\r\n\tat org.openqa.selenium.support.ui.WebDriverWait.<init>(WebDriverWait.java:74)\r\n\tat org.openqa.selenium.support.ui.WebDriverWait.<init>(WebDriverWait.java:43)\r\n\tat pagesPOM.LoginPage.<init>(LoginPage.java:22)\r\n\tat tests.LoginTest.testLogin(LoginTest.java:21)\r\n\tat java.base/jdk.internal.reflect.NativeMethodAccessorImpl.invoke0(Native Method)\r\n\tat java.base/jdk.internal.reflect.NativeMethodAccessorImpl.invoke(NativeMethodAccessorImpl.java:77)\r\n\tat java.base/jdk.internal.reflect.DelegatingMethodAccessorImpl.invoke(DelegatingMethodAccessorImpl.java:43)\r\n\tat java.base/java.lang.reflect.Method.invoke(Method.java:568)\r\n\tat org.testng.internal.invokers.MethodInvocationHelper.invokeMethod(MethodInvocationHelper.java:141)\r\n\tat org.testng.internal.invokers.TestInvoker.invokeMethod(TestInvoker.java:687)\r\n\tat org.testng.internal.invokers.TestInvoker.invokeTestMethod(TestInvoker.java:230)\r\n\tat org.testng.internal.invokers.MethodRunner.runInSequence(MethodRunner.java:63)\r\n\tat org.testng.internal.invokers.TestInvoker$MethodInvocationAgent.invoke(TestInvoker.java:995)\r\n\tat org.testng.internal.invokers.TestInvoker.invokeTestMethods(TestInvoker.java:203)\r\n\tat org.testng.internal.invokers.TestMethodWorker.invokeTestMethods(TestMethodWorker.java:154)\r\n\tat org.testng.internal.invokers.TestMethodWorker.run(TestMethodWorker.java:134)\r\n\tat java.base/java.util.concurrent.Executors$RunnableAdapter.call(Executors.java:539)\r\n\tat java.base/java.util.concurrent.FutureTask.run(FutureTask.java:264)\r\n\tat org.testng.internal.thread.graph.TestNGFutureTask.run(TestNGFutureTask.java:22)\r\n\tat java.base/java.util.concurrent.ThreadPoolExecutor.runWorker(ThreadPoolExecutor.java:1136)\r\n\tat java.base/java.util.concurrent.ThreadPoolExecutor$Worker.run(ThreadPoolExecutor.java:635)\r\n\tat java.base/java.lang.Thread.run(Thread.java:842)\r\n","start":1769354967393,"stop":1769354967394,"duration":1,"labels":[{"name":"package","value":"tests.LoginTest"},{"name":"testClass","value":"tests.LoginTest"},{"name":"testMethod","value":"testLogin"},{"name":"parentSuite","value":"Suite"},{"name":"suite","value":"Smoke Tests"},{"name":"subSuite","value":"tests.LoginTest"},{"name":"host","value":"LAPTOP-NPNMP9LL"},{"name":"thread","value":"21056@LAPTOP-NPNMP9LL.TestNG-test-Smoke Tests-1(16)"},{"name":"framework","value":"testng"},{"name":"language","value":"java"},{"name":"severity","value":"minor"}],"url":"","historyId":"9c8f7dff259b3f945a0c96502f5a8afe.d041b63f7ae4d620ca562c4014615af9","reportLinks":[]},{"id":"779c0e7bf213949ebd081efbb52f4401","name":"testLogin","fullName":"tests.LoginTest.testLogin","environment":"default","status":"broken","message":"Input must be set","trace":"java.lang.IllegalArgumentException: Input must be set\r\n\tat org.openqa.selenium.internal.Require.nonNull(Require.java:60)\r\n\tat org.openqa.selenium.support.ui.FluentWait.<init>(FluentWait.java:92)\r\n\tat org.openqa.selenium.support.ui.WebDriverWait.<init>(WebDriverWait.java:74)\r\n\tat org.openqa.selenium.support.ui.WebDriverWait.<init>(WebDriverWait.java:43)\r\n\tat pagesPOM.LoginPage.<init>(LoginPage.java:22)\r\n\tat tests.LoginTest.testLogin(LoginTest.java:21)\r\n\tat java.base/jdk.internal.reflect.NativeMethodAccessorImpl.invoke0(Native Method)\r\n\tat java.base/jdk.internal.reflect.NativeMethodAccessorImpl.invoke(NativeMethodAccessorImpl.java:77)\r\n\tat java.base/jdk.internal.reflect.DelegatingMethodAccessorImpl.invoke(DelegatingMethodAccessorImpl.java:43)\r\n\tat java.base/java.lang.reflect.Method.invoke(Method.java:568)\r\n\tat org.testng.internal.invokers.MethodInvocationHelper.invokeMethod(MethodInvocationHelper.java:141)\r\n\tat org.testng.internal.invokers.TestInvoker.invokeMethod(TestInvoker.java:687)\r\n\tat org.testng.internal.invokers.TestInvoker.invokeTestMethod(TestInvoker.java:230)\r\n\tat org.testng.internal.invokers.MethodRunner.runInSequence(MethodRunner.java:63)\r\n\tat org.testng.internal.invokers.TestInvoker$MethodInvocationAgent.invoke(TestInvoker.java:995)\r\n\tat org.testng.internal.invokers.TestInvoker.invokeTestMethods(TestInvoker.java:203)\r\n\tat org.testng.internal.invokers.TestMethodWorker.invokeTestMethods(TestMethodWorker.java:154)\r\n\tat org.testng.internal.invokers.TestMethodWorker.run(TestMethodWorker.java:134)\r\n\tat java.base/java.util.concurrent.Executors$RunnableAdapter.call(Executors.java:539)\r\n\tat java.base/java.util.concurrent.FutureTask.run(FutureTask.java:264)\r\n\tat org.testng.internal.thread.graph.TestNGFutureTask.run(TestNGFutureTask.java:22)\r\n\tat java.base/java.util.concurrent.ThreadPoolExecutor.runWorker(ThreadPoolExecutor.java:1136)\r\n\tat java.base/java.util.concurrent.ThreadPoolExecutor$Worker.run(ThreadPoolExecutor.java:635)\r\n\tat java.base/java.lang.Thread.run(Thread.java:842)\r\n","start":1769354967393,"stop":1769354967394,"duration":1,"labels":[{"name":"package","value":"tests.LoginTest"},{"name":"testClass","value":"tests.LoginTest"},{"name":"testMethod","value":"testLogin"},{"name":"parentSuite","value":"Suite"},{"name":"suite","value":"Smoke Tests"},{"name":"subSuite","value":"tests.LoginTest"},{"name":"host","value":"LAPTOP-NPNMP9LL"},{"name":"thread","value":"21056@LAPTOP-NPNMP9LL.TestNG-test-Smoke Tests-1(16)"},{"name":"framework","value":"testng"},{"name":"language","value":"java"},{"name":"severity","value":"minor"}],"url":"","historyId":"9c8f7dff259b3f945a0c96502f5a8afe.d041b63f7ae4d620ca562c4014615af9","reportLinks":[]},{"id":"779c0e7bf213949ebd081efbb52f4401","name":"testLogin","fullName":"tests.LoginTest.testLogin","environment":"default","status":"broken","message":"Input must be set","trace":"java.lang.IllegalArgumentException: Input must be set\r\n\tat org.openqa.selenium.internal.Require.nonNull(Require.java:60)\r\n\tat org.openqa.selenium.support.ui.FluentWait.<init>(FluentWait.java:92)\r\n\tat org.openqa.selenium.support.ui.WebDriverWait.<init>(WebDriverWait.java:74)\r\n\tat org.openqa.selenium.support.ui.WebDriverWait.<init>(WebDriverWait.java:43)\r\n\tat pagesPOM.LoginPage.<init>(LoginPage.java:22)\r\n\tat tests.LoginTest.testLogin(LoginTest.java:21)\r\n\tat java.base/jdk.internal.reflect.NativeMethodAccessorImpl.invoke0(Native Method)\r\n\tat java.base/jdk.internal.reflect.NativeMethodAccessorImpl.invoke(NativeMethodAccessorImpl.java:77)\r\n\tat java.base/jdk.internal.reflect.DelegatingMethodAccessorImpl.invoke(DelegatingMethodAccessorImpl.java:43)\r\n\tat java.base/java.lang.reflect.Method.invoke(Method.java:568)\r\n\tat org.testng.internal.invokers.MethodInvocationHelper.invokeMethod(MethodInvocationHelper.java:141)\r\n\tat org.testng.internal.invokers.TestInvoker.invokeMethod(TestInvoker.java:687)\r\n\tat org.testng.internal.invokers.TestInvoker.invokeTestMethod(TestInvoker.java:230)\r\n\tat org.testng.internal.invokers.MethodRunner.runInSequence(MethodRunner.java:63)\r\n\tat org.testng.internal.invokers.TestInvoker$MethodInvocationAgent.invoke(TestInvoker.java:995)\r\n\tat org.testng.internal.invokers.TestInvoker.invokeTestMethods(TestInvoker.java:203)\r\n\tat org.testng.internal.invokers.TestMethodWorker.invokeTestMethods(TestMethodWorker.java:154)\r\n\tat org.testng.internal.invokers.TestMethodWorker.run(TestMethodWorker.java:134)\r\n\tat java.base/java.util.concurrent.Executors$RunnableAdapter.call(Executors.java:539)\r\n\tat java.base/java.util.concurrent.FutureTask.run(FutureTask.java:264)\r\n\tat org.testng.internal.thread.graph.TestNGFutureTask.run(TestNGFutureTask.java:22)\r\n\tat java.base/java.util.concurrent.ThreadPoolExecutor.runWorker(ThreadPoolExecutor.java:1136)\r\n\tat java.base/java.util.concurrent.ThreadPoolExecutor$Worker.run(ThreadPoolExecutor.java:635)\r\n\tat java.base/java.lang.Thread.run(Thread.java:842)\r\n","start":1769354967393,"stop":1769354967394,"duration":1,"labels":[{"name":"package","value":"tests.LoginTest"},{"name":"testClass","value":"tests.LoginTest"},{"name":"testMethod","value":"testLogin"},{"name":"parentSuite","value":"Suite"},{"name":"suite","value":"Smoke Tests"},{"name":"subSuite","value":"tests.LoginTest"},{"name":"host","value":"LAPTOP-NPNMP9LL"},{"name":"thread","value":"21056@LAPTOP-NPNMP9LL.TestNG-test-Smoke Tests-1(16)"},{"name":"framework","value":"testng"},{"name":"language","value":"java"},{"name":"severity","value":"minor"}],"url":"","historyId":"9c8f7dff259b3f945a0c96502f5a8afe.d041b63f7ae4d620ca562c4014615af9","reportLinks":[]}],"retries":[{"id":"69d273dbacccc45c027cfb0f5212745c","name":"testLogin","testCase":{"id":"9c8f7dff259b3f945a0c96502f5a8afe","name":"testLogin","fullName":"tests.LoginTest.testLogin"},"fullName":"tests.LoginTest.testLogin","historyId":"9c8f7dff259b3f945a0c96502f5a8afe.d041b63f7ae4d620ca562c4014615af9","status":"broken","error":{"message":"Input must be set","trace":"java.lang.IllegalArgumentException: Input must be set\r\n\tat org.openqa.selenium.internal.Require.nonNull(Require.java:60)\r\n\tat org.openqa.selenium.support.ui.FluentWait.<init>(FluentWait.java:92)\r\n\tat org.openqa.selenium.support.ui.WebDriverWait.<init>(WebDriverWait.java:74)\r\n\tat org.openqa.selenium.support.ui.WebDriverWait.<init>(WebDriverWait.java:43)\r\n\tat pagesPOM.LoginPage.<init>(LoginPage.java:22)\r\n\tat tests.LoginTest.testLogin(LoginTest.java:21)\r\n\tat java.base/jdk.internal.reflect.NativeMethodAccessorImpl.invoke0(Native Method)\r\n\tat java.base/jdk.internal.reflect.NativeMethodAccessorImpl.invoke(NativeMethodAccessorImpl.java:77)\r\n\tat java.base/jdk.internal.reflect.DelegatingMethodAccessorImpl.invoke(DelegatingMethodAccessorImpl.java:43)\r\n\tat java.base/java.lang.reflect.Method.invoke(Method.java:568)\r\n\tat org.testng.internal.invokers.MethodInvocationHelper.invokeMethod(MethodInvocationHelper.java:141)\r\n\tat org.testng.internal.invokers.TestInvoker.invokeMethod(TestInvoker.java:687)\r\n\tat org.testng.internal.invokers.TestInvoker.invokeTestMethod(TestInvoker.java:230)\r\n\tat org.testng.internal.invokers.MethodRunner.runInSequence(MethodRunner.java:63)\r\n\tat org.testng.internal.invokers.TestInvoker$MethodInvocationAgent.invoke(TestInvoker.java:995)\r\n\tat org.testng.internal.invokers.TestInvoker.invokeTestMethods(TestInvoker.java:203)\r\n\tat org.testng.internal.invokers.TestMethodWorker.invokeTestMethods(TestMethodWorker.java:154)\r\n\tat org.testng.internal.invokers.TestMethodWorker.run(TestMethodWorker.java:134)\r\n\tat java.base/java.util.concurrent.Executors$RunnableAdapter.call(Executors.java:539)\r\n\tat java.base/java.util.concurrent.FutureTask.run(FutureTask.java:264)\r\n\tat org.testng.internal.thread.graph.TestNGFutureTask.run(TestNGFutureTask.java:22)\r\n\tat java.base/java.util.concurrent.ThreadPoolExecutor.runWorker(ThreadPoolExecutor.java:1136)\r\n\tat java.base/java.util.concurrent.ThreadPoolExecutor$Worker.run(ThreadPoolExecutor.java:635)\r\n\tat java.base/java.lang.Thread.run(Thread.java:842)\r\n"},"start":1769354803252,"stop":1769354803254,"duration":2,"description":"login functionality through data drivern testing","descriptionHtml":"<p>login functionality through data drivern testing</p>\n","flaky":false,"muted":false,"known":false,"hidden":true,"labels":[{"name":"package","value":"tests.LoginTest"},{"name":"testClass","value":"tests.LoginTest"},{"name":"testMethod","value":"testLogin"},{"name":"parentSuite","value":"Suite"},{"name":"suite","value":"Smoke Tests"},{"name":"subSuite","value":"tests.LoginTest"},{"name":"host","value":"LAPTOP-NPNMP9LL"},{"name":"thread","value":"6728@LAPTOP-NPNMP9LL.TestNG-test-Smoke Tests-1(16)"},{"name":"framework","value":"testng"},{"name":"language","value":"java"},{"name":"severity","value":"minor"}],"steps":[],"parameters":[{"name":"arg1","value":"password","hidden":false,"excluded":false,"masked":false},{"name":"arg0","value":"failed_user","hidden":false,"excluded":false,"masked":false}],"links":[],"hostId":"LAPTOP-NPNMP9LL","threadId":"6728@LAPTOP-NPNMP9LL.TestNG-test-Smoke Tests-1(16)","sourceMetadata":{"readerId":"allure2","metadata":{"originalFileName":"fa96562b-3831-4e18-9e4b-222e8010e0bd-result.json"}},"titlePath":[],"environment":"default"},{"id":"be2f87d288bca831e06ca60b78ebcc00","name":"testLogin","testCase":{"id":"9c8f7dff259b3f945a0c96502f5a8afe","name":"testLogin","fullName":"tests.LoginTest.testLogin"},"fullName":"tests.LoginTest.testLogin","historyId":"9c8f7dff259b3f945a0c96502f5a8afe.d041b63f7ae4d620ca562c4014615af9","status":"passed","error":{},"start":1769350270898,"stop":1769350272600,"duration":1702,"description":"login functionality through data drivern testing","descriptionHtml":"<p>login functionality through data drivern testing</p>\n","flaky":false,"muted":false,"known":false,"hidden":true,"labels":[{"name":"package","value":"tests.LoginTest"},{"name":"testClass","value":"tests.LoginTest"},{"name":"testMethod","value":"testLogin"},{"name":"parentSuite","value":"Suite"},{"name":"suite","value":"Smoke Tests"},{"name":"subSuite","value":"tests.LoginTest"},{"name":"host","value":"LAPTOP-NPNMP9LL"},{"name":"thread","value":"1388@LAPTOP-NPNMP9LL.TestNG-test=Smoke Tests-1(16)"},{"name":"framework","value":"testng"},{"name":"language","value":"java"},{"name":"severity","value":"minor"}],"steps":[],"parameters":[{"name":"arg1","value":"password","hidden":false,"excluded":false,"masked":false},{"name":"arg0","value":"failed_user","hidden":false,"excluded":false,"masked":false}],"links":[],"hostId":"LAPTOP-NPNMP9LL","threadId":"1388@LAPTOP-NPNMP9LL.TestNG-test=Smoke Tests-1(16)","sourceMetadata":{"readerId":"allure2","metadata":{"originalFileName":"f4ef0bdc-2b8f-41be-ba13-099fe8128be8-result.json"}},"titlePath":[],"environment":"default","transition":"fixed"}],"breadcrumbs":[["Suite","Smoke Tests","tests.LoginTest"]],"retry":true,"titlePath":[],"retriesCount":2,"attachments":[],"order":73}