{"id":"b723eed05276f95819911e942cf7cdea","name":"testLogin","start":1769350260460,"stop":1769350266032,"duration":5572,"status":"passed","fullName":"tests.LoginTest.testLogin","historyId":"9c8f7dff259b3f945a0c96502f5a8afe.31cecd155637e46e00a2334897a37c96","flaky":false,"muted":false,"known":false,"hidden":true,"labels":[{"name":"package","value":"tests.LoginTest"},{"name":"testClass","value":"tests.LoginTest"},{"name":"testMethod","value":"testLogin"},{"name":"parentSuite","value":"Suite"},{"name":"suite","value":"Smoke Tests"},{"name":"subSuite","value":"tests.LoginTest"},{"name":"host","value":"LAPTOP-NPNMP9LL"},{"name":"thread","value":"1388@LAPTOP-NPNMP9LL.TestNG-test=Smoke Tests-1(16)"},{"name":"framework","value":"testng"},{"name":"language","value":"java"},{"name":"severity","value":"minor"}],"groupedLabels":{"package":["tests.LoginTest"],"testClass":["tests.LoginTest"],"testMethod":["testLogin"],"parentSuite":["Suite"],"suite":["Smoke Tests"],"subSuite":["tests.LoginTest"],"host":["LAPTOP-NPNMP9LL"],"thread":["1388@LAPTOP-NPNMP9LL.TestNG-test=Smoke Tests-1(16)"],"framework":["testng"],"language":["java"],"severity":["minor"]},"parameters":[{"name":"arg1","value":"secret_sauce","hidden":false,"excluded":false,"masked":false},{"name":"arg0","value":"performance_glitch_user","hidden":false,"excluded":false,"masked":false}],"links":[],"steps":[],"error":{},"testCase":{"id":"9c8f7dff259b3f945a0c96502f5a8afe","name":"testLogin","fullName":"tests.LoginTest.testLogin"},"environment":"default","setup":[{"id":"c68c6324d4850f81d12ae0e73fe0d152","type":"before","name":"driverSetUp","status":"passed","steps":[],"duration":3148}],"teardown":[],"history":[{"id":"2ade774acb7845304e16c29784513565","name":"testLogin","fullName":"tests.LoginTest.testLogin","environment":"default","status":"broken","message":"Input must be set","trace":"java.lang.IllegalArgumentException: Input must be set\r\n\tat org.openqa.selenium.internal.Require.nonNull(Require.java:60)\r\n\tat org.openqa.selenium.support.ui.FluentWait.<init>(FluentWait.java:92)\r\n\tat org.openqa.selenium.support.ui.WebDriverWait.<init>(WebDriverWait.java:74)\r\n\tat org.openqa.selenium.support.ui.WebDriverWait.<init>(WebDriverWait.java:43)\r\n\tat pagesPOM.LoginPage.<init>(LoginPage.java:22)\r\n\tat tests.LoginTest.testLogin(LoginTest.java:21)\r\n\tat java.base/jdk.internal.reflect.NativeMethodAccessorImpl.invoke0(Native Method)\r\n\tat java.base/jdk.internal.reflect.NativeMethodAccessorImpl.invoke(NativeMethodAccessorImpl.java:77)\r\n\tat java.base/jdk.internal.reflect.DelegatingMethodAccessorImpl.invoke(DelegatingMethodAccessorImpl.java:43)\r\n\tat java.base/java.lang.reflect.Method.invoke(Method.java:568)\r\n\tat org.testng.internal.invokers.MethodInvocationHelper.invokeMethod(MethodInvocationHelper.java:141)\r\n\tat org.testng.internal.invokers.TestInvoker.invokeMethod(TestInvoker.java:687)\r\n\tat org.testng.internal.invokers.TestInvoker.invokeTestMethod(TestInvoker.java:230)\r\n\tat org.testng.internal.invokers.MethodRunner.runInSequence(MethodRunner.java:63)\r\n\tat org.testng.internal.invokers.TestInvoker$MethodInvocationAgent.invoke(TestInvoker.java:995)\r\n\tat org.testng.internal.invokers.TestInvoker.invokeTestMethods(TestInvoker.java:203)\r\n\tat org.testng.internal.invokers.TestMethodWorker.invokeTestMethods(TestMethodWorker.java:154)\r\n\tat org.testng.internal.invokers.TestMethodWorker.run(TestMethodWorker.java:134)\r\n\tat java.base/java.util.concurrent.Executors$RunnableAdapter.call(Executors.java:539)\r\n\tat java.base/java.util.concurrent.FutureTask.run(FutureTask.java:264)\r\n\tat org.testng.internal.thread.graph.TestNGFutureTask.run(TestNGFutureTask.java:22)\r\n\tat java.base/java.util.concurrent.ThreadPoolExecutor.runWorker(ThreadPoolExecutor.java:1136)\r\n\tat java.base/java.util.concurrent.ThreadPoolExecutor$Worker.run(ThreadPoolExecutor.java:635)\r\n\tat java.base/java.lang.Thread.run(Thread.java:842)\r\n","start":1769354963123,"stop":1769354963123,"duration":0,"labels":[{"name":"package","value":"tests.LoginTest"},{"name":"testClass","value":"tests.LoginTest"},{"name":"testMethod","value":"testLogin"},{"name":"parentSuite","value":"Suite"},{"name":"suite","value":"Smoke Tests"},{"name":"subSuite","value":"tests.LoginTest"},{"name":"host","value":"LAPTOP-NPNMP9LL"},{"name":"thread","value":"21056@LAPTOP-NPNMP9LL.TestNG-test-Smoke Tests-1(16)"},{"name":"framework","value":"testng"},{"name":"language","value":"java"},{"name":"severity","value":"minor"}],"url":"","historyId":"9c8f7dff259b3f945a0c96502f5a8afe.31cecd155637e46e00a2334897a37c96","reportLinks":[]},{"id":"2ade774acb7845304e16c29784513565","name":"testLogin","fullName":"tests.LoginTest.testLogin","environment":"default","status":"broken","message":"Input must be set","trace":"java.lang.IllegalArgumentException: Input must be set\r\n\tat org.openqa.selenium.internal.Require.nonNull(Require.java:60)\r\n\tat org.openqa.selenium.support.ui.FluentWait.<init>(FluentWait.java:92)\r\n\tat org.openqa.selenium.support.ui.WebDriverWait.<init>(WebDriverWait.java:74)\r\n\tat org.openqa.selenium.support.ui.WebDriverWait.<init>(WebDriverWait.java:43)\r\n\tat pagesPOM.LoginPage.<init>(LoginPage.java:22)\r\n\tat tests.LoginTest.testLogin(LoginTest.java:21)\r\n\tat java.base/jdk.internal.reflect.NativeMethodAccessorImpl.invoke0(Native Method)\r\n\tat java.base/jdk.internal.reflect.NativeMethodAccessorImpl.invoke(NativeMethodAccessorImpl.java:77)\r\n\tat java.base/jdk.internal.reflect.DelegatingMethodAccessorImpl.invoke(DelegatingMethodAccessorImpl.java:43)\r\n\tat java.base/java.lang.reflect.Method.invoke(Method.java:568)\r\n\tat org.testng.internal.invokers.MethodInvocationHelper.invokeMethod(MethodInvocationHelper.java:141)\r\n\tat org.testng.internal.invokers.TestInvoker.invokeMethod(TestInvoker.java:687)\r\n\tat org.testng.internal.invokers.TestInvoker.invokeTestMethod(TestInvoker.java:230)\r\n\tat org.testng.internal.invokers.MethodRunner.runInSequence(MethodRunner.java:63)\r\n\tat org.testng.internal.invokers.TestInvoker$MethodInvocationAgent.invoke(TestInvoker.java:995)\r\n\tat org.testng.internal.invokers.TestInvoker.invokeTestMethods(TestInvoker.java:203)\r\n\tat org.testng.internal.invokers.TestMethodWorker.invokeTestMethods(TestMethodWorker.java:154)\r\n\tat org.testng.internal.invokers.TestMethodWorker.run(TestMethodWorker.java:134)\r\n\tat java.base/java.util.concurrent.Executors$RunnableAdapter.call(Executors.java:539)\r\n\tat java.base/java.util.concurrent.FutureTask.run(FutureTask.java:264)\r\n\tat org.testng.internal.thread.graph.TestNGFutureTask.run(TestNGFutureTask.java:22)\r\n\tat java.base/java.util.concurrent.ThreadPoolExecutor.runWorker(ThreadPoolExecutor.java:1136)\r\n\tat java.base/java.util.concurrent.ThreadPoolExecutor$Worker.run(ThreadPoolExecutor.java:635)\r\n\tat java.base/java.lang.Thread.run(Thread.java:842)\r\n","start":1769354963123,"stop":1769354963123,"duration":0,"labels":[{"name":"package","value":"tests.LoginTest"},{"name":"testClass","value":"tests.LoginTest"},{"name":"testMethod","value":"testLogin"},{"name":"parentSuite","value":"Suite"},{"name":"suite","value":"Smoke Tests"},{"name":"subSuite","value":"tests.LoginTest"},{"name":"host","value":"LAPTOP-NPNMP9LL"},{"name":"thread","value":"21056@LAPTOP-NPNMP9LL.TestNG-test-Smoke Tests-1(16)"},{"name":"framework","value":"testng"},{"name":"language","value":"java"},{"name":"severity","value":"minor"}],"url":"","historyId":"9c8f7dff259b3f945a0c96502f5a8afe.31cecd155637e46e00a2334897a37c96","reportLinks":[]},{"id":"2ade774acb7845304e16c29784513565","name":"testLogin","fullName":"tests.LoginTest.testLogin","environment":"default","status":"broken","message":"Input must be set","trace":"java.lang.IllegalArgumentException: Input must be set\r\n\tat org.openqa.selenium.internal.Require.nonNull(Require.java:60)\r\n\tat org.openqa.selenium.support.ui.FluentWait.<init>(FluentWait.java:92)\r\n\tat org.openqa.selenium.support.ui.WebDriverWait.<init>(WebDriverWait.java:74)\r\n\tat org.openqa.selenium.support.ui.WebDriverWait.<init>(WebDriverWait.java:43)\r\n\tat pagesPOM.LoginPage.<init>(LoginPage.java:22)\r\n\tat tests.LoginTest.testLogin(LoginTest.java:21)\r\n\tat java.base/jdk.internal.reflect.NativeMethodAccessorImpl.invoke0(Native Method)\r\n\tat java.base/jdk.internal.reflect.NativeMethodAccessorImpl.invoke(NativeMethodAccessorImpl.java:77)\r\n\tat java.base/jdk.internal.reflect.DelegatingMethodAccessorImpl.invoke(DelegatingMethodAccessorImpl.java:43)\r\n\tat java.base/java.lang.reflect.Method.invoke(Method.java:568)\r\n\tat org.testng.internal.invokers.MethodInvocationHelper.invokeMethod(MethodInvocationHelper.java:141)\r\n\tat org.testng.internal.invokers.TestInvoker.invokeMethod(TestInvoker.java:687)\r\n\tat org.testng.internal.invokers.TestInvoker.invokeTestMethod(TestInvoker.java:230)\r\n\tat org.testng.internal.invokers.MethodRunner.runInSequence(MethodRunner.java:63)\r\n\tat org.testng.internal.invokers.TestInvoker$MethodInvocationAgent.invoke(TestInvoker.java:995)\r\n\tat org.testng.internal.invokers.TestInvoker.invokeTestMethods(TestInvoker.java:203)\r\n\tat org.testng.internal.invokers.TestMethodWorker.invokeTestMethods(TestMethodWorker.java:154)\r\n\tat org.testng.internal.invokers.TestMethodWorker.run(TestMethodWorker.java:134)\r\n\tat java.base/java.util.concurrent.Executors$RunnableAdapter.call(Executors.java:539)\r\n\tat java.base/java.util.concurrent.FutureTask.run(FutureTask.java:264)\r\n\tat org.testng.internal.thread.graph.TestNGFutureTask.run(TestNGFutureTask.java:22)\r\n\tat java.base/java.util.concurrent.ThreadPoolExecutor.runWorker(ThreadPoolExecutor.java:1136)\r\n\tat java.base/java.util.concurrent.ThreadPoolExecutor$Worker.run(ThreadPoolExecutor.java:635)\r\n\tat java.base/java.lang.Thread.run(Thread.java:842)\r\n","start":1769354963123,"stop":1769354963123,"duration":0,"labels":[{"name":"package","value":"tests.LoginTest"},{"name":"testClass","value":"tests.LoginTest"},{"name":"testMethod","value":"testLogin"},{"name":"parentSuite","value":"Suite"},{"name":"suite","value":"Smoke Tests"},{"name":"subSuite","value":"tests.LoginTest"},{"name":"host","value":"LAPTOP-NPNMP9LL"},{"name":"thread","value":"21056@LAPTOP-NPNMP9LL.TestNG-test-Smoke Tests-1(16)"},{"name":"framework","value":"testng"},{"name":"language","value":"java"},{"name":"severity","value":"minor"}],"url":"","historyId":"9c8f7dff259b3f945a0c96502f5a8afe.31cecd155637e46e00a2334897a37c96","reportLinks":[]},{"id":"5497db2ec20cee9e875ec10ee73a5e46","name":"testLogin","fullName":"tests.LoginTest.testLogin","environment":"default","status":"passed","start":1769270055764,"stop":1769270062990,"duration":7226,"labels":[{"name":"package","value":"tests.LoginTest"},{"name":"testClass","value":"tests.LoginTest"},{"name":"testMethod","value":"testLogin"},{"name":"parentSuite","value":"Surefire suite"},{"name":"suite","value":"Surefire test"},{"name":"subSuite","value":"tests.LoginTest"},{"name":"host","value":"LAPTOP-NPNMP9LL"},{"name":"thread","value":"22188@LAPTOP-NPNMP9LL.main(1)"},{"name":"framework","value":"testng"},{"name":"language","value":"java"},{"name":"severity","value":"minor"}],"url":"","historyId":"9c8f7dff259b3f945a0c96502f5a8afe.31cecd155637e46e00a2334897a37c96","reportLinks":[]},{"id":"c249138b611dd832149279872c3e264c","name":"testLogin","fullName":"tests.LoginTest.testLogin","environment":"default","status":"passed","start":1769269257071,"stop":1769269262716,"duration":5645,"labels":[{"name":"package","value":"tests.LoginTest"},{"name":"testClass","value":"tests.LoginTest"},{"name":"testMethod","value":"testLogin"},{"name":"parentSuite","value":"Surefire suite"},{"name":"suite","value":"Surefire test"},{"name":"subSuite","value":"tests.LoginTest"},{"name":"host","value":"LAPTOP-NPNMP9LL"},{"name":"thread","value":"19184@LAPTOP-NPNMP9LL.main(1)"},{"name":"framework","value":"testng"},{"name":"language","value":"java"}],"url":"","historyId":"9c8f7dff259b3f945a0c96502f5a8afe.31cecd155637e46e00a2334897a37c96","reportLinks":[]},{"id":"7939dfc8252dd16718f46a9990409f11","name":"testLogin","fullName":"tests.LoginTest.testLogin","environment":"default","status":"passed","start":1769249747167,"stop":1769249760753,"duration":13586,"labels":[{"name":"package","value":"tests.LoginTest"},{"name":"testClass","value":"tests.LoginTest"},{"name":"testMethod","value":"testLogin"},{"name":"parentSuite","value":"Surefire suite"},{"name":"suite","value":"Surefire test"},{"name":"subSuite","value":"tests.LoginTest"},{"name":"host","value":"LAPTOP-NPNMP9LL"},{"name":"thread","value":"10612@LAPTOP-NPNMP9LL.main(1)"},{"name":"framework","value":"testng"},{"name":"language","value":"java"}],"url":"","historyId":"9c8f7dff259b3f945a0c96502f5a8afe.31cecd155637e46e00a2334897a37c96","reportLinks":[]},{"id":"7939dfc8252dd16718f46a9990409f11","name":"testLogin","fullName":"tests.LoginTest.testLogin","environment":"default","status":"passed","start":1769249747167,"stop":1769249760753,"duration":13586,"labels":[{"name":"package","value":"tests.LoginTest"},{"name":"testClass","value":"tests.LoginTest"},{"name":"testMethod","value":"testLogin"},{"name":"parentSuite","value":"Surefire suite"},{"name":"suite","value":"Surefire test"},{"name":"subSuite","value":"tests.LoginTest"},{"name":"host","value":"LAPTOP-NPNMP9LL"},{"name":"thread","value":"10612@LAPTOP-NPNMP9LL.main(1)"},{"name":"framework","value":"testng"},{"name":"language","value":"java"}],"url":"","historyId":"9c8f7dff259b3f945a0c96502f5a8afe.31cecd155637e46e00a2334897a37c96","reportLinks":[]}],"retries":[],"breadcrumbs":[["Suite","Smoke Tests","tests.LoginTest"]],"retry":false,"transition":"fixed","titlePath":[],"retriesCount":0,"attachments":[],"order":64}