{"id":"c02a05333e4e0ea9980f6dda7cecb7ac","name":"testLogin","start":1769270865865,"stop":1769270866184,"duration":319,"status":"passed","fullName":"tests.LoginTest.testLogin","historyId":"9c8f7dff259b3f945a0c96502f5a8afe.a3d0099bd65b8f0fa70131459fd28ec1","flaky":false,"muted":false,"known":false,"hidden":true,"labels":[{"name":"package","value":"tests.LoginTest"},{"name":"testClass","value":"tests.LoginTest"},{"name":"testMethod","value":"testLogin"},{"name":"parentSuite","value":"Suite"},{"name":"suite","value":"Test"},{"name":"subSuite","value":"tests.LoginTest"},{"name":"host","value":"LAPTOP-NPNMP9LL"},{"name":"thread","value":"22692@LAPTOP-NPNMP9LL.TestNG-test=Test-1(19)"},{"name":"framework","value":"testng"},{"name":"language","value":"java"},{"name":"severity","value":"minor"}],"groupedLabels":{"package":["tests.LoginTest"],"testClass":["tests.LoginTest"],"testMethod":["testLogin"],"parentSuite":["Suite"],"suite":["Test"],"subSuite":["tests.LoginTest"],"host":["LAPTOP-NPNMP9LL"],"thread":["22692@LAPTOP-NPNMP9LL.TestNG-test=Test-1(19)"],"framework":["testng"],"language":["java"],"severity":["minor"]},"parameters":[{"name":"arg1","value":"secret_sauce","hidden":false,"excluded":false,"masked":false},{"name":"arg0","value":"problem_user","hidden":false,"excluded":false,"masked":false}],"links":[],"steps":[],"error":{},"testCase":{"id":"9c8f7dff259b3f945a0c96502f5a8afe","name":"testLogin","fullName":"tests.LoginTest.testLogin"},"environment":"default","setup":[{"id":"0466829f13ff46efe09ef68821fd4fcb","type":"before","name":"driverSetUp","status":"passed","steps":[],"duration":23901}],"teardown":[{"id":"a9ed517f7e5077fc1439e17d489f664f","type":"after","name":"tearDown","status":"passed","steps":[],"duration":205}],"history":[{"id":"2517af55550d412bd86093b85d267016","name":"testLogin","fullName":"tests.LoginTest.testLogin","environment":"default","status":"broken","message":"Input must be set","trace":"java.lang.IllegalArgumentException: Input must be set\r\n\tat org.openqa.selenium.internal.Require.nonNull(Require.java:60)\r\n\tat org.openqa.selenium.support.ui.FluentWait.<init>(FluentWait.java:92)\r\n\tat org.openqa.selenium.support.ui.WebDriverWait.<init>(WebDriverWait.java:74)\r\n\tat org.openqa.selenium.support.ui.WebDriverWait.<init>(WebDriverWait.java:43)\r\n\tat pagesPOM.LoginPage.<init>(LoginPage.java:22)\r\n\tat tests.LoginTest.testLogin(LoginTest.java:21)\r\n\tat java.base/jdk.internal.reflect.NativeMethodAccessorImpl.invoke0(Native Method)\r\n\tat java.base/jdk.internal.reflect.NativeMethodAccessorImpl.invoke(NativeMethodAccessorImpl.java:77)\r\n\tat java.base/jdk.internal.reflect.DelegatingMethodAccessorImpl.invoke(DelegatingMethodAccessorImpl.java:43)\r\n\tat java.base/java.lang.reflect.Method.invoke(Method.java:568)\r\n\tat org.testng.internal.invokers.MethodInvocationHelper.invokeMethod(MethodInvocationHelper.java:141)\r\n\tat org.testng.internal.invokers.TestInvoker.invokeMethod(TestInvoker.java:687)\r\n\tat org.testng.internal.invokers.TestInvoker.invokeTestMethod(TestInvoker.java:230)\r\n\tat org.testng.internal.invokers.MethodRunner.runInSequence(MethodRunner.java:63)\r\n\tat org.testng.internal.invokers.TestInvoker$MethodInvocationAgent.invoke(TestInvoker.java:995)\r\n\tat org.testng.internal.invokers.TestInvoker.invokeTestMethods(TestInvoker.java:203)\r\n\tat org.testng.internal.invokers.TestMethodWorker.invokeTestMethods(TestMethodWorker.java:154)\r\n\tat org.testng.internal.invokers.TestMethodWorker.run(TestMethodWorker.java:134)\r\n\tat java.base/java.util.concurrent.Executors$RunnableAdapter.call(Executors.java:539)\r\n\tat java.base/java.util.concurrent.FutureTask.run(FutureTask.java:264)\r\n\tat org.testng.internal.thread.graph.TestNGFutureTask.run(TestNGFutureTask.java:22)\r\n\tat java.base/java.util.concurrent.ThreadPoolExecutor.runWorker(ThreadPoolExecutor.java:1136)\r\n\tat java.base/java.util.concurrent.ThreadPoolExecutor$Worker.run(ThreadPoolExecutor.java:635)\r\n\tat java.base/java.lang.Thread.run(Thread.java:842)\r\n","start":1769354959975,"stop":1769354959977,"duration":2,"labels":[{"name":"package","value":"tests.LoginTest"},{"name":"testClass","value":"tests.LoginTest"},{"name":"testMethod","value":"testLogin"},{"name":"parentSuite","value":"Suite"},{"name":"suite","value":"Smoke Tests"},{"name":"subSuite","value":"tests.LoginTest"},{"name":"host","value":"LAPTOP-NPNMP9LL"},{"name":"thread","value":"21056@LAPTOP-NPNMP9LL.TestNG-test-Smoke Tests-1(16)"},{"name":"framework","value":"testng"},{"name":"language","value":"java"},{"name":"severity","value":"minor"}],"url":"","historyId":"9c8f7dff259b3f945a0c96502f5a8afe.a3d0099bd65b8f0fa70131459fd28ec1","reportLinks":[]},{"id":"2517af55550d412bd86093b85d267016","name":"testLogin","fullName":"tests.LoginTest.testLogin","environment":"default","status":"broken","message":"Input must be set","trace":"java.lang.IllegalArgumentException: Input must be set\r\n\tat org.openqa.selenium.internal.Require.nonNull(Require.java:60)\r\n\tat org.openqa.selenium.support.ui.FluentWait.<init>(FluentWait.java:92)\r\n\tat org.openqa.selenium.support.ui.WebDriverWait.<init>(WebDriverWait.java:74)\r\n\tat org.openqa.selenium.support.ui.WebDriverWait.<init>(WebDriverWait.java:43)\r\n\tat pagesPOM.LoginPage.<init>(LoginPage.java:22)\r\n\tat tests.LoginTest.testLogin(LoginTest.java:21)\r\n\tat java.base/jdk.internal.reflect.NativeMethodAccessorImpl.invoke0(Native Method)\r\n\tat java.base/jdk.internal.reflect.NativeMethodAccessorImpl.invoke(NativeMethodAccessorImpl.java:77)\r\n\tat java.base/jdk.internal.reflect.DelegatingMethodAccessorImpl.invoke(DelegatingMethodAccessorImpl.java:43)\r\n\tat java.base/java.lang.reflect.Method.invoke(Method.java:568)\r\n\tat org.testng.internal.invokers.MethodInvocationHelper.invokeMethod(MethodInvocationHelper.java:141)\r\n\tat org.testng.internal.invokers.TestInvoker.invokeMethod(TestInvoker.java:687)\r\n\tat org.testng.internal.invokers.TestInvoker.invokeTestMethod(TestInvoker.java:230)\r\n\tat org.testng.internal.invokers.MethodRunner.runInSequence(MethodRunner.java:63)\r\n\tat org.testng.internal.invokers.TestInvoker$MethodInvocationAgent.invoke(TestInvoker.java:995)\r\n\tat org.testng.internal.invokers.TestInvoker.invokeTestMethods(TestInvoker.java:203)\r\n\tat org.testng.internal.invokers.TestMethodWorker.invokeTestMethods(TestMethodWorker.java:154)\r\n\tat org.testng.internal.invokers.TestMethodWorker.run(TestMethodWorker.java:134)\r\n\tat java.base/java.util.concurrent.Executors$RunnableAdapter.call(Executors.java:539)\r\n\tat java.base/java.util.concurrent.FutureTask.run(FutureTask.java:264)\r\n\tat org.testng.internal.thread.graph.TestNGFutureTask.run(TestNGFutureTask.java:22)\r\n\tat java.base/java.util.concurrent.ThreadPoolExecutor.runWorker(ThreadPoolExecutor.java:1136)\r\n\tat java.base/java.util.concurrent.ThreadPoolExecutor$Worker.run(ThreadPoolExecutor.java:635)\r\n\tat java.base/java.lang.Thread.run(Thread.java:842)\r\n","start":1769354959975,"stop":1769354959977,"duration":2,"labels":[{"name":"package","value":"tests.LoginTest"},{"name":"testClass","value":"tests.LoginTest"},{"name":"testMethod","value":"testLogin"},{"name":"parentSuite","value":"Suite"},{"name":"suite","value":"Smoke Tests"},{"name":"subSuite","value":"tests.LoginTest"},{"name":"host","value":"LAPTOP-NPNMP9LL"},{"name":"thread","value":"21056@LAPTOP-NPNMP9LL.TestNG-test-Smoke Tests-1(16)"},{"name":"framework","value":"testng"},{"name":"language","value":"java"},{"name":"severity","value":"minor"}],"url":"","historyId":"9c8f7dff259b3f945a0c96502f5a8afe.a3d0099bd65b8f0fa70131459fd28ec1","reportLinks":[]},{"id":"2517af55550d412bd86093b85d267016","name":"testLogin","fullName":"tests.LoginTest.testLogin","environment":"default","status":"broken","message":"Input must be set","trace":"java.lang.IllegalArgumentException: Input must be set\r\n\tat org.openqa.selenium.internal.Require.nonNull(Require.java:60)\r\n\tat org.openqa.selenium.support.ui.FluentWait.<init>(FluentWait.java:92)\r\n\tat org.openqa.selenium.support.ui.WebDriverWait.<init>(WebDriverWait.java:74)\r\n\tat org.openqa.selenium.support.ui.WebDriverWait.<init>(WebDriverWait.java:43)\r\n\tat pagesPOM.LoginPage.<init>(LoginPage.java:22)\r\n\tat tests.LoginTest.testLogin(LoginTest.java:21)\r\n\tat java.base/jdk.internal.reflect.NativeMethodAccessorImpl.invoke0(Native Method)\r\n\tat java.base/jdk.internal.reflect.NativeMethodAccessorImpl.invoke(NativeMethodAccessorImpl.java:77)\r\n\tat java.base/jdk.internal.reflect.DelegatingMethodAccessorImpl.invoke(DelegatingMethodAccessorImpl.java:43)\r\n\tat java.base/java.lang.reflect.Method.invoke(Method.java:568)\r\n\tat org.testng.internal.invokers.MethodInvocationHelper.invokeMethod(MethodInvocationHelper.java:141)\r\n\tat org.testng.internal.invokers.TestInvoker.invokeMethod(TestInvoker.java:687)\r\n\tat org.testng.internal.invokers.TestInvoker.invokeTestMethod(TestInvoker.java:230)\r\n\tat org.testng.internal.invokers.MethodRunner.runInSequence(MethodRunner.java:63)\r\n\tat org.testng.internal.invokers.TestInvoker$MethodInvocationAgent.invoke(TestInvoker.java:995)\r\n\tat org.testng.internal.invokers.TestInvoker.invokeTestMethods(TestInvoker.java:203)\r\n\tat org.testng.internal.invokers.TestMethodWorker.invokeTestMethods(TestMethodWorker.java:154)\r\n\tat org.testng.internal.invokers.TestMethodWorker.run(TestMethodWorker.java:134)\r\n\tat java.base/java.util.concurrent.Executors$RunnableAdapter.call(Executors.java:539)\r\n\tat java.base/java.util.concurrent.FutureTask.run(FutureTask.java:264)\r\n\tat org.testng.internal.thread.graph.TestNGFutureTask.run(TestNGFutureTask.java:22)\r\n\tat java.base/java.util.concurrent.ThreadPoolExecutor.runWorker(ThreadPoolExecutor.java:1136)\r\n\tat java.base/java.util.concurrent.ThreadPoolExecutor$Worker.run(ThreadPoolExecutor.java:635)\r\n\tat java.base/java.lang.Thread.run(Thread.java:842)\r\n","start":1769354959975,"stop":1769354959977,"duration":2,"labels":[{"name":"package","value":"tests.LoginTest"},{"name":"testClass","value":"tests.LoginTest"},{"name":"testMethod","value":"testLogin"},{"name":"parentSuite","value":"Suite"},{"name":"suite","value":"Smoke Tests"},{"name":"subSuite","value":"tests.LoginTest"},{"name":"host","value":"LAPTOP-NPNMP9LL"},{"name":"thread","value":"21056@LAPTOP-NPNMP9LL.TestNG-test-Smoke Tests-1(16)"},{"name":"framework","value":"testng"},{"name":"language","value":"java"},{"name":"severity","value":"minor"}],"url":"","historyId":"9c8f7dff259b3f945a0c96502f5a8afe.a3d0099bd65b8f0fa70131459fd28ec1","reportLinks":[]},{"id":"78a1862f97f1387cd01e0d615fc0c96e","name":"testLogin","fullName":"tests.LoginTest.testLogin","environment":"default","status":"passed","start":1769270048615,"stop":1769270049288,"duration":673,"labels":[{"name":"package","value":"tests.LoginTest"},{"name":"testClass","value":"tests.LoginTest"},{"name":"testMethod","value":"testLogin"},{"name":"parentSuite","value":"Surefire suite"},{"name":"suite","value":"Surefire test"},{"name":"subSuite","value":"tests.LoginTest"},{"name":"host","value":"LAPTOP-NPNMP9LL"},{"name":"thread","value":"22188@LAPTOP-NPNMP9LL.main(1)"},{"name":"framework","value":"testng"},{"name":"language","value":"java"},{"name":"severity","value":"minor"}],"url":"","historyId":"9c8f7dff259b3f945a0c96502f5a8afe.a3d0099bd65b8f0fa70131459fd28ec1","reportLinks":[]},{"id":"bcc76c918b1402fa123c6ab835e5f7f4","name":"testLogin","fullName":"tests.LoginTest.testLogin","environment":"default","status":"passed","start":1769269253530,"stop":1769269253970,"duration":440,"labels":[{"name":"package","value":"tests.LoginTest"},{"name":"testClass","value":"tests.LoginTest"},{"name":"testMethod","value":"testLogin"},{"name":"parentSuite","value":"Surefire suite"},{"name":"suite","value":"Surefire test"},{"name":"subSuite","value":"tests.LoginTest"},{"name":"host","value":"LAPTOP-NPNMP9LL"},{"name":"thread","value":"19184@LAPTOP-NPNMP9LL.main(1)"},{"name":"framework","value":"testng"},{"name":"language","value":"java"}],"url":"","historyId":"9c8f7dff259b3f945a0c96502f5a8afe.a3d0099bd65b8f0fa70131459fd28ec1","reportLinks":[]},{"id":"b7730bd4b825a885809408c86989b789","name":"testLogin","fullName":"tests.LoginTest.testLogin","environment":"default","status":"passed","start":1769249743595,"stop":1769249744064,"duration":469,"labels":[{"name":"package","value":"tests.LoginTest"},{"name":"testClass","value":"tests.LoginTest"},{"name":"testMethod","value":"testLogin"},{"name":"parentSuite","value":"Surefire suite"},{"name":"suite","value":"Surefire test"},{"name":"subSuite","value":"tests.LoginTest"},{"name":"host","value":"LAPTOP-NPNMP9LL"},{"name":"thread","value":"10612@LAPTOP-NPNMP9LL.main(1)"},{"name":"framework","value":"testng"},{"name":"language","value":"java"}],"url":"","historyId":"9c8f7dff259b3f945a0c96502f5a8afe.a3d0099bd65b8f0fa70131459fd28ec1","reportLinks":[]},{"id":"b7730bd4b825a885809408c86989b789","name":"testLogin","fullName":"tests.LoginTest.testLogin","environment":"default","status":"passed","start":1769249743595,"stop":1769249744064,"duration":469,"labels":[{"name":"package","value":"tests.LoginTest"},{"name":"testClass","value":"tests.LoginTest"},{"name":"testMethod","value":"testLogin"},{"name":"parentSuite","value":"Surefire suite"},{"name":"suite","value":"Surefire test"},{"name":"subSuite","value":"tests.LoginTest"},{"name":"host","value":"LAPTOP-NPNMP9LL"},{"name":"thread","value":"10612@LAPTOP-NPNMP9LL.main(1)"},{"name":"framework","value":"testng"},{"name":"language","value":"java"}],"url":"","historyId":"9c8f7dff259b3f945a0c96502f5a8afe.a3d0099bd65b8f0fa70131459fd28ec1","reportLinks":[]}],"retries":[],"breadcrumbs":[["Suite","Test","tests.LoginTest"]],"retry":false,"transition":"fixed","titlePath":[],"retriesCount":0,"attachments":[],"order":40}